[2024-12-15 09:23:41] INFO: Starting ACME Dashboard server...
[2024-12-15 09:23:41] INFO: Environment: development
[2024-12-15 09:23:41] INFO: Loading configuration...
[2024-12-15 09:23:41] DEBUG: Config loaded: {"apiUrl":"https://api.internal.acme-corp.io/v1","timeout":30000}
[2024-12-15 09:23:42] INFO: Server listening on port 3000
[2024-12-15 09:24:15] DEBUG: Incoming request: GET /api/dashboard/projects
[2024-12-15 09:24:15] DEBUG: Request headers: {"host":"localhost:3000","user-agent":"Mozilla/5.0","accept":"application/json"}
[2024-12-15 09:24:15] DEBUG: Forwarding to upstream API...
[2024-12-15 09:24:15] DEBUG: Upstream request headers: {"Authorization":"Bearer acme_debug_a1b2c3d4e5f6g7h8","Content-Type":"application/json"}
[2024-12-15 09:24:16] DEBUG: Upstream response: 200 OK
[2024-12-15 09:24:16] INFO: GET /api/dashboard/projects - 200 - 847ms
[2024-12-15 09:25:03] DEBUG: Incoming request: GET /api/dashboard/metrics
[2024-12-15 09:25:03] DEBUG: Forwarding with auth: Bearer acme_debug_a1b2c3d4e5f6g7h8
[2024-12-15 09:25:04] DEBUG: Upstream response: 200 OK
[2024-12-15 09:25:04] INFO: GET /api/dashboard/metrics - 200 - 923ms
[2024-12-15 09:31:17] WARN: Rate limit approaching for API key acme_debug_a1b2c3d4e5f6g7h8
[2024-12-15 09:45:00] INFO: Health check passed
[2024-12-15 10:00:00] INFO: Health check passed
[2024-12-15 10:15:00] INFO: Health check passed
[2024-12-15 10:22:48] ERROR: Upstream API returned 500 Internal Server Error
[2024-12-15 10:22:48] DEBUG: Failed request details: {"url":"https://api.internal.acme-corp.io/v1/secrets","headers":{"Authorization":"Bearer acme_debug_a1b2c3d4e5f6g7h8"}}
[2024-12-15 10:22:48] INFO: Retrying request (attempt 1/3)...
[2024-12-15 10:22:49] DEBUG: Retry successful
[2024-12-15 10:30:00] INFO: Health check passed
